  [1m[35m (88.4ms)[0m  [1m[35mCREATE DATABASE "Project1_development" ENCODING = 'unicode'[0m
  ↳ bin/rails:9
  [1m[35m (25.8ms)[0m  [1m[35mCREATE DATABASE "Project1_test" ENCODING = 'unicode'[0m
  ↳ bin/rails:9
  [1m[35m (8.1ms)[0m  [1m[35mCREATE TABLE "schema_migrations" ("version" character varying NOT NULL PRIMARY KEY)[0m
  ↳ bin/rails:9
  [1m[35m (2.6ms)[0m  [1m[35mCREATE TABLE "ar_internal_metadata" ("key" character varying NOT NULL PRIMARY KEY, "value" character varying, "created_at" timestamp NOT NULL, "updated_at" timestamp NOT NULL)[0m
  ↳ bin/rails:9
  [1m[35m (0.2ms)[0m  [1m[34mSELECT pg_try_advisory_lock(3105731234113562250)[0m
  ↳ bin/rails:9
  [1m[35m (0.6ms)[0m  [1m[34mSELECT "schema_migrations"."version" FROM "schema_migrations" ORDER BY "schema_migrations"."version" ASC[0m
  ↳ bin/rails:9
Migrating to CreateBookings (20211024080629)
  [1m[35m (0.4ms)[0m  [1m[35mBEGIN[0m
  ↳ bin/rails:9
  [1m[35m (7.6ms)[0m  [1m[35mCREATE TABLE "bookings" ("id" bigserial primary key, "title" text, "client_id" integer, "restaurant_id" integer, "created_at" timestamp NOT NULL, "updated_at" timestamp NOT NULL)[0m
  ↳ db/migrate/20211024080629_create_bookings.rb:3
  [1m[36mActiveRecord::SchemaMigration Create (0.2ms)[0m  [1m[32mINSERT INTO "schema_migrations" ("version") VALUES ($1) RETURNING "version"[0m  [["version", "20211024080629"]]
  ↳ bin/rails:9
  [1m[35m (0.3ms)[0m  [1m[35mCOMMIT[0m
  ↳ bin/rails:9
  [1m[36mActiveRecord::InternalMetadata Load (0.1ms)[0m  [1m[34mSELECT  "ar_internal_metadata".* FROM "ar_internal_metadata" WHERE "ar_internal_metadata"."key" = $1 LIMIT $2[0m  [["key", "environment"], ["LIMIT", 1]]
  ↳ bin/rails:9
  [1m[35m (0.0ms)[0m  [1m[35mBEGIN[0m
  ↳ bin/rails:9
  [1m[36mActiveRecord::InternalMetadata Create (0.1ms)[0m  [1m[32mINSERT INTO "ar_internal_metadata" ("key", "value", "created_at", "updated_at") VALUES ($1, $2, $3, $4) RETURNING "key"[0m  [["key", "environment"], ["value", "development"], ["created_at", "2021-10-24 08:09:23.549180"], ["updated_at", "2021-10-24 08:09:23.549180"]]
  ↳ bin/rails:9
  [1m[35m (0.1ms)[0m  [1m[35mCOMMIT[0m
  ↳ bin/rails:9
  [1m[35m (0.1ms)[0m  [1m[34mSELECT pg_advisory_unlock(3105731234113562250)[0m
  ↳ bin/rails:9
  [1m[35m (0.1ms)[0m  [1m[34mSELECT "schema_migrations"."version" FROM "schema_migrations" ORDER BY "schema_migrations"."version" ASC[0m
  ↳ bin/rails:9
  [1m[35m (0.3ms)[0m  [1m[34mSELECT pg_try_advisory_lock(3105731234113562250)[0m
  ↳ bin/rails:9
  [1m[35m (1.7ms)[0m  [1m[34mSELECT "schema_migrations"."version" FROM "schema_migrations" ORDER BY "schema_migrations"."version" ASC[0m
  ↳ bin/rails:9
Migrating to CreateRestaurants (20211024081233)
  [1m[35m (0.2ms)[0m  [1m[35mBEGIN[0m
  ↳ bin/rails:9
  [1m[35m (8.9ms)[0m  [1m[35mCREATE TABLE "restaurants" ("id" bigserial primary key, "name" text, "image" text, "rating" text, "created_at" timestamp NOT NULL, "updated_at" timestamp NOT NULL)[0m
  ↳ db/migrate/20211024081233_create_restaurants.rb:3
  [1m[36mActiveRecord::SchemaMigration Create (0.9ms)[0m  [1m[32mINSERT INTO "schema_migrations" ("version") VALUES ($1) RETURNING "version"[0m  [["version", "20211024081233"]]
  ↳ bin/rails:9
  [1m[35m (0.8ms)[0m  [1m[35mCOMMIT[0m
  ↳ bin/rails:9
  [1m[36mActiveRecord::InternalMetadata Load (0.7ms)[0m  [1m[34mSELECT  "ar_internal_metadata".* FROM "ar_internal_metadata" WHERE "ar_internal_metadata"."key" = $1 LIMIT $2[0m  [["key", "environment"], ["LIMIT", 1]]
  ↳ bin/rails:9
  [1m[35m (0.5ms)[0m  [1m[35mBEGIN[0m
  ↳ bin/rails:9
  [1m[35m (0.5ms)[0m  [1m[35mCOMMIT[0m
  ↳ bin/rails:9
  [1m[35m (2.2ms)[0m  [1m[34mSELECT pg_advisory_unlock(3105731234113562250)[0m
  ↳ bin/rails:9
  [1m[35m (0.3ms)[0m  [1m[34mSELECT "schema_migrations"."version" FROM "schema_migrations" ORDER BY "schema_migrations"."version" ASC[0m
  ↳ bin/rails:9
  [1m[35m (0.2ms)[0m  [1m[34mSELECT pg_try_advisory_lock(3105731234113562250)[0m
  ↳ bin/rails:9
  [1m[35m (1.7ms)[0m  [1m[34mSELECT "schema_migrations"."version" FROM "schema_migrations" ORDER BY "schema_migrations"."version" ASC[0m
  ↳ bin/rails:9
Migrating to CreateClients (20211024081516)
  [1m[35m (0.4ms)[0m  [1m[35mBEGIN[0m
  ↳ bin/rails:9
  [1m[35m (7.3ms)[0m  [1m[35mCREATE TABLE "clients" ("id" bigserial primary key, "name" text, "user_id" integer, "created_at" timestamp NOT NULL, "updated_at" timestamp NOT NULL)[0m
  ↳ db/migrate/20211024081516_create_clients.rb:3
  [1m[36mActiveRecord::SchemaMigration Create (1.0ms)[0m  [1m[32mINSERT INTO "schema_migrations" ("version") VALUES ($1) RETURNING "version"[0m  [["version", "20211024081516"]]
  ↳ bin/rails:9
  [1m[35m (1.0ms)[0m  [1m[35mCOMMIT[0m
  ↳ bin/rails:9
  [1m[36mActiveRecord::InternalMetadata Load (0.7ms)[0m  [1m[34mSELECT  "ar_internal_metadata".* FROM "ar_internal_metadata" WHERE "ar_internal_metadata"."key" = $1 LIMIT $2[0m  [["key", "environment"], ["LIMIT", 1]]
  ↳ bin/rails:9
  [1m[35m (0.1ms)[0m  [1m[35mBEGIN[0m
  ↳ bin/rails:9
  [1m[35m (0.1ms)[0m  [1m[35mCOMMIT[0m
  ↳ bin/rails:9
  [1m[35m (0.2ms)[0m  [1m[34mSELECT pg_advisory_unlock(3105731234113562250)[0m
  ↳ bin/rails:9
  [1m[35m (0.2ms)[0m  [1m[34mSELECT "schema_migrations"."version" FROM "schema_migrations" ORDER BY "schema_migrations"."version" ASC[0m
  ↳ bin/rails:9
Started GET "/" for 127.0.0.1 at 2021-10-25 11:57:38 +1000
  [1m[35m (1.2ms)[0m  [1m[34mSELECT "schema_migrations"."version" FROM "schema_migrations" ORDER BY "schema_migrations"."version" ASC[0m
  ↳ /Users/natalia.bask/.rvm/gems/ruby-2.7.4/gems/activerecord-5.2.6/lib/active_record/log_subscriber.rb:98
Processing by PagesController#home as HTML
Completed 406 Not Acceptable in 4ms (ActiveRecord: 0.0ms)


  
ActionController::UnknownFormat (PagesController#home is missing a template for this request format and variant.

request.formats: ["text/html"]
request.variant: []

NOTE! For XHR/Ajax or API requests, this action would normally respond with 204 No Content: an empty white screen. Since you're loading it in a web browser, we assume that you expected to actually render a template, not nothing, so we're showing an error to be extra-clear. If you expect 204 No Content, carry on. That's what you'll get from an XHR or API request. Give it a shot.):
  
actionpack (5.2.6) lib/action_controller/metal/implicit_render.rb:55:in `default_render'
actionpack (5.2.6) lib/action_controller/metal/basic_implicit_render.rb:6:in `block in send_action'
actionpack (5.2.6) lib/action_controller/metal/basic_implicit_render.rb:6:in `tap'
actionpack (5.2.6) lib/action_controller/metal/basic_implicit_render.rb:6:in `send_action'
actionpack (5.2.6) lib/abstract_controller/base.rb:194:in `process_action'
actionpack (5.2.6) lib/action_controller/metal/rendering.rb:30:in `process_action'
actionpack (5.2.6) lib/abstract_controller/callbacks.rb:42:in `block in process_action'
activesupport (5.2.6) lib/active_support/callbacks.rb:132:in `run_callbacks'
actionpack (5.2.6) lib/abstract_controller/callbacks.rb:41:in `process_action'
actionpack (5.2.6) lib/action_controller/metal/rescue.rb:22:in `process_action'
actionpack (5.2.6) lib/action_controller/metal/instrumentation.rb:34:in `block in process_action'
activesupport (5.2.6) lib/active_support/notifications.rb:168:in `block in instrument'
activesupport (5.2.6) lib/active_support/notifications/instrumenter.rb:23:in `instrument'
activesupport (5.2.6) lib/active_support/notifications.rb:168:in `instrument'
actionpack (5.2.6) lib/action_controller/metal/instrumentation.rb:32:in `process_action'
actionpack (5.2.6) lib/action_controller/metal/params_wrapper.rb:256:in `process_action'
activerecord (5.2.6) lib/active_record/railties/controller_runtime.rb:24:in `process_action'
actionpack (5.2.6) lib/abstract_controller/base.rb:134:in `process'
actionview (5.2.6) lib/action_view/rendering.rb:32:in `process'
actionpack (5.2.6) lib/action_controller/metal.rb:191:in `dispatch'
actionpack (5.2.6) lib/action_controller/metal.rb:252:in `dispatch'
actionpack (5.2.6) lib/action_dispatch/routing/route_set.rb:52:in `dispatch'
actionpack (5.2.6) lib/action_dispatch/routing/route_set.rb:34:in `serve'
actionpack (5.2.6) lib/action_dispatch/journey/router.rb:52:in `block in serve'
actionpack (5.2.6) lib/action_dispatch/journey/router.rb:35:in `each'
actionpack (5.2.6) lib/action_dispatch/journey/router.rb:35:in `serve'
actionpack (5.2.6) lib/action_dispatch/routing/route_set.rb:840:in `call'
rack (2.2.3) lib/rack/tempfile_reaper.rb:15:in `call'
rack (2.2.3) lib/rack/etag.rb:27:in `call'
rack (2.2.3) lib/rack/conditional_get.rb:27:in `call'
rack (2.2.3) lib/rack/head.rb:12:in `call'
actionpack (5.2.6) lib/action_dispatch/http/content_security_policy.rb:18:in `call'
rack (2.2.3) lib/rack/session/abstract/id.rb:266:in `context'
rack (2.2.3) lib/rack/session/abstract/id.rb:260:in `call'
actionpack (5.2.6) lib/action_dispatch/middleware/cookies.rb:670:in `call'
activerecord (5.2.6) lib/active_record/migration.rb:559:in `call'
actionpack (5.2.6) lib/action_dispatch/middleware/callbacks.rb:28:in `block in call'
activesupport (5.2.6) lib/active_support/callbacks.rb:98:in `run_callbacks'
actionpack (5.2.6) lib/action_dispatch/middleware/callbacks.rb:26:in `call'
actionpack (5.2.6) lib/action_dispatch/middleware/executor.rb:14:in `call'
actionpack (5.2.6) lib/action_dispatch/middleware/debug_exceptions.rb:61:in `call'
web-console (3.7.0) lib/web_console/middleware.rb:135:in `call_app'
web-console (3.7.0) lib/web_console/middleware.rb:30:in `block in call'
web-console (3.7.0) lib/web_console/middleware.rb:20:in `catch'
web-console (3.7.0) lib/web_console/middleware.rb:20:in `call'
actionpack (5.2.6) lib/action_dispatch/middleware/show_exceptions.rb:33:in `call'
railties (5.2.6) lib/rails/rack/logger.rb:38:in `call_app'
railties (5.2.6) lib/rails/rack/logger.rb:26:in `block in call'
activesupport (5.2.6) lib/active_support/tagged_logging.rb:71:in `block in tagged'
activesupport (5.2.6) lib/active_support/tagged_logging.rb:28:in `tagged'
activesupport (5.2.6) lib/active_support/tagged_logging.rb:71:in `tagged'
railties (5.2.6) lib/rails/rack/logger.rb:26:in `call'
sprockets-rails (3.2.2) lib/sprockets/rails/quiet_assets.rb:13:in `call'
actionpack (5.2.6) lib/action_dispatch/middleware/remote_ip.rb:81:in `call'
actionpack (5.2.6) lib/action_dispatch/middleware/request_id.rb:27:in `call'
rack (2.2.3) lib/rack/method_override.rb:24:in `call'
rack (2.2.3) lib/rack/runtime.rb:22:in `call'
activesupport (5.2.6) lib/active_support/cache/strategy/local_cache_middleware.rb:29:in `call'
actionpack (5.2.6) lib/action_dispatch/middleware/executor.rb:14:in `call'
actionpack (5.2.6) lib/action_dispatch/middleware/static.rb:127:in `call'
rack (2.2.3) lib/rack/sendfile.rb:110:in `call'
railties (5.2.6) lib/rails/engine.rb:524:in `call'
puma (3.12.6) lib/puma/configuration.rb:227:in `call'
puma (3.12.6) lib/puma/server.rb:706:in `handle_request'
puma (3.12.6) lib/puma/server.rb:476:in `process_client'
puma (3.12.6) lib/puma/server.rb:334:in `block in run'
puma (3.12.6) lib/puma/thread_pool.rb:135:in `block in spawn_thread'
Started GET "/" for 127.0.0.1 at 2021-10-25 11:59:35 +1000
Processing by PagesController#home as HTML
  Rendering pages/home.html.erb within layouts/application
  Rendered pages/home.html.erb within layouts/application (0.6ms)
Completed 200 OK in 132ms (Views: 130.5ms | ActiveRecord: 0.0ms)


Started GET "/" for 127.0.0.1 at 2021-10-25 12:10:02 +1000
Processing by PagesController#home as HTML
  Rendering pages/home.html.erb within layouts/application
  Rendered pages/home.html.erb within layouts/application (0.5ms)
Completed 200 OK in 18ms (Views: 16.5ms | ActiveRecord: 0.0ms)


Started GET "/" for 127.0.0.1 at 2021-10-25 12:11:18 +1000
Processing by PagesController#home as HTML
  Rendering pages/home.html.erb within layouts/application
  Rendered pages/home.html.erb within layouts/application (0.7ms)
Completed 200 OK in 23ms (Views: 21.5ms | ActiveRecord: 0.0ms)


Started GET "/" for 127.0.0.1 at 2021-10-25 12:13:03 +1000
Processing by PagesController#home as HTML
  Rendering pages/home.html.erb within layouts/application
  Rendered pages/home.html.erb within layouts/application (0.4ms)
Completed 200 OK in 21ms (Views: 19.4ms | ActiveRecord: 0.0ms)


Started GET "/" for 127.0.0.1 at 2021-10-25 12:14:20 +1000
Processing by PagesController#home as HTML
  Rendering pages/home.html.erb within layouts/application
  Rendered pages/home.html.erb within layouts/application (4.7ms)
Completed 500 Internal Server Error in 13ms (ActiveRecord: 0.0ms)


  
SyntaxError (/Users/natalia.bask/Projects/Project1/Project1/app/views/layouts/application.html.erb:16: syntax error, unexpected ')', expecting `then' or ';' or '\n'
...end=( if @current_user.admin? );@output_buffer.safe_append='
...                              ^
/Users/natalia.bask/Projects/Project1/Project1/app/views/layouts/application.html.erb:18: syntax error, unexpected `end', expecting ')'
'.freeze; end 
          ^~~
/Users/natalia.bask/Projects/Project1/Project1/app/views/layouts/application.html.erb:22: syntax error, unexpected `else', expecting ')'
'.freeze; else 
          ^~~~
/Users/natalia.bask/Projects/Project1/Project1/app/views/layouts/application.html.erb:32: syntax error, unexpected `ensure', expecting ')'
          ensure
          ^~~~~~
/Users/natalia.bask/Projects/Project1/Project1/app/views/layouts/application.html.erb:34: syntax error, unexpected `end', expecting ')'
          end
          ^~~
):
  
app/views/layouts/application.html.erb:16: syntax error, unexpected ')', expecting `then' or ';' or '\n'
app/views/layouts/application.html.erb:18: syntax error, unexpected `end', expecting ')'
app/views/layouts/application.html.erb:22: syntax error, unexpected `else', expecting ')'
app/views/layouts/application.html.erb:32: syntax error, unexpected `ensure', expecting ')'
app/views/layouts/application.html.erb:34: syntax error, unexpected `end', expecting ')'
Started GET "/" for 127.0.0.1 at 2021-10-25 12:15:18 +1000
Processing by PagesController#home as HTML
  Rendering pages/home.html.erb within layouts/application
  Rendered pages/home.html.erb within layouts/application (0.6ms)
Completed 500 Internal Server Error in 6ms (ActiveRecord: 0.0ms)


  
SyntaxError (/Users/natalia.bask/Projects/Project1/Project1/app/views/layouts/application.html.erb:32: syntax error, unexpected `ensure', expecting `end'
          ensure
          ^~~~~~
/Users/natalia.bask/Projects/Project1/Project1/app/views/layouts/application.html.erb:34: syntax error, unexpected end-of-input, expecting `end'):
  
app/views/layouts/application.html.erb:32: syntax error, unexpected `ensure', expecting `end'
app/views/layouts/application.html.erb:34: syntax error, unexpected end-of-input, expecting `end'
Started GET "/" for 127.0.0.1 at 2021-10-25 12:15:54 +1000
Processing by PagesController#home as HTML
  Rendering pages/home.html.erb within layouts/application
  Rendered pages/home.html.erb within layouts/application (0.3ms)
Completed 200 OK in 8ms (Views: 7.2ms | ActiveRecord: 0.0ms)


Started GET "/" for 127.0.0.1 at 2021-10-25 12:16:03 +1000
Processing by PagesController#home as HTML
  Rendering pages/home.html.erb within layouts/application
  Rendered pages/home.html.erb within layouts/application (0.9ms)
Completed 200 OK in 16ms (Views: 14.3ms | ActiveRecord: 0.0ms)


Started GET "/users/new" for 127.0.0.1 at 2021-10-25 12:16:07 +1000
Processing by UsersController#new as HTML
Completed 500 Internal Server Error in 2ms (ActiveRecord: 0.0ms)


  
NameError (uninitialized constant UsersController::User):
  
app/controllers/users_controller.rb:9:in `new'
Started GET "/" for 127.0.0.1 at 2021-10-25 12:16:09 +1000
Processing by PagesController#home as HTML
  Rendering pages/home.html.erb within layouts/application
  Rendered pages/home.html.erb within layouts/application (0.8ms)
Completed 200 OK in 16ms (Views: 13.9ms | ActiveRecord: 0.0ms)


Started GET "/login" for 127.0.0.1 at 2021-10-25 12:16:10 +1000
  
ActionController::RoutingError (uninitialized constant SessionController):
  
activesupport (5.2.6) lib/active_support/inflector/methods.rb:283:in `const_get'
activesupport (5.2.6) lib/active_support/inflector/methods.rb:283:in `block in constantize'
activesupport (5.2.6) lib/active_support/inflector/methods.rb:281:in `each'
activesupport (5.2.6) lib/active_support/inflector/methods.rb:281:in `inject'
activesupport (5.2.6) lib/active_support/inflector/methods.rb:281:in `constantize'
actionpack (5.2.6) lib/action_dispatch/http/request.rb:88:in `controller_class_for'
actionpack (5.2.6) lib/action_dispatch/http/request.rb:81:in `controller_class'
actionpack (5.2.6) lib/action_dispatch/routing/route_set.rb:46:in `controller'
actionpack (5.2.6) lib/action_dispatch/routing/route_set.rb:32:in `serve'
actionpack (5.2.6) lib/action_dispatch/journey/router.rb:52:in `block in serve'
actionpack (5.2.6) lib/action_dispatch/journey/router.rb:35:in `each'
actionpack (5.2.6) lib/action_dispatch/journey/router.rb:35:in `serve'
actionpack (5.2.6) lib/action_dispatch/routing/route_set.rb:840:in `call'
rack (2.2.3) lib/rack/tempfile_reaper.rb:15:in `call'
rack (2.2.3) lib/rack/etag.rb:27:in `call'
rack (2.2.3) lib/rack/conditional_get.rb:27:in `call'
rack (2.2.3) lib/rack/head.rb:12:in `call'
actionpack (5.2.6) lib/action_dispatch/http/content_security_policy.rb:18:in `call'
rack (2.2.3) lib/rack/session/abstract/id.rb:266:in `context'
rack (2.2.3) lib/rack/session/abstract/id.rb:260:in `call'
actionpack (5.2.6) lib/action_dispatch/middleware/cookies.rb:670:in `call'
activerecord (5.2.6) lib/active_record/migration.rb:559:in `call'
actionpack (5.2.6) lib/action_dispatch/middleware/callbacks.rb:28:in `block in call'
activesupport (5.2.6) lib/active_support/callbacks.rb:98:in `run_callbacks'
actionpack (5.2.6) lib/action_dispatch/middleware/callbacks.rb:26:in `call'
actionpack (5.2.6) lib/action_dispatch/middleware/executor.rb:14:in `call'
actionpack (5.2.6) lib/action_dispatch/middleware/debug_exceptions.rb:61:in `call'
web-console (3.7.0) lib/web_console/middleware.rb:135:in `call_app'
web-console (3.7.0) lib/web_console/middleware.rb:30:in `block in call'
web-console (3.7.0) lib/web_console/middleware.rb:20:in `catch'
web-console (3.7.0) lib/web_console/middleware.rb:20:in `call'
actionpack (5.2.6) lib/action_dispatch/middleware/show_exceptions.rb:33:in `call'
railties (5.2.6) lib/rails/rack/logger.rb:38:in `call_app'
railties (5.2.6) lib/rails/rack/logger.rb:26:in `block in call'
activesupport (5.2.6) lib/active_support/tagged_logging.rb:71:in `block in tagged'
activesupport (5.2.6) lib/active_support/tagged_logging.rb:28:in `tagged'
activesupport (5.2.6) lib/active_support/tagged_logging.rb:71:in `tagged'
railties (5.2.6) lib/rails/rack/logger.rb:26:in `call'
sprockets-rails (3.2.2) lib/sprockets/rails/quiet_assets.rb:13:in `call'
actionpack (5.2.6) lib/action_dispatch/middleware/remote_ip.rb:81:in `call'
actionpack (5.2.6) lib/action_dispatch/middleware/request_id.rb:27:in `call'
rack (2.2.3) lib/rack/method_override.rb:24:in `call'
rack (2.2.3) lib/rack/runtime.rb:22:in `call'
activesupport (5.2.6) lib/active_support/cache/strategy/local_cache_middleware.rb:29:in `call'
actionpack (5.2.6) lib/action_dispatch/middleware/executor.rb:14:in `call'
actionpack (5.2.6) lib/action_dispatch/middleware/static.rb:127:in `call'
rack (2.2.3) lib/rack/sendfile.rb:110:in `call'
railties (5.2.6) lib/rails/engine.rb:524:in `call'
puma (3.12.6) lib/puma/configuration.rb:227:in `call'
puma (3.12.6) lib/puma/server.rb:706:in `handle_request'
puma (3.12.6) lib/puma/server.rb:476:in `process_client'
puma (3.12.6) lib/puma/server.rb:334:in `block in run'
puma (3.12.6) lib/puma/thread_pool.rb:135:in `block in spawn_thread'
Started GET "/" for 127.0.0.1 at 2021-10-25 12:16:13 +1000
Processing by PagesController#home as HTML
  Rendering pages/home.html.erb within layouts/application
  Rendered pages/home.html.erb within layouts/application (1.0ms)
Completed 200 OK in 16ms (Views: 13.8ms | ActiveRecord: 0.0ms)


Started GET "/" for 127.0.0.1 at 2021-10-25 12:16:16 +1000
Processing by PagesController#home as HTML
  Rendering pages/home.html.erb within layouts/application
  Rendered pages/home.html.erb within layouts/application (0.3ms)
Completed 200 OK in 21ms (Views: 19.1ms | ActiveRecord: 0.0ms)


Started GET "/" for 127.0.0.1 at 2021-10-25 18:12:18 +1000
Processing by PagesController#home as HTML
  Rendering pages/home.html.erb within layouts/application
  Rendered pages/home.html.erb within layouts/application (0.5ms)
Completed 200 OK in 17ms (Views: 14.4ms | ActiveRecord: 0.0ms)


Started GET "/users/new" for 127.0.0.1 at 2021-10-25 18:12:19 +1000
Processing by UsersController#new as HTML
Completed 500 Internal Server Error in 2ms (ActiveRecord: 0.0ms)


  
NameError (uninitialized constant UsersController::User):
  
app/controllers/users_controller.rb:9:in `new'
Started GET "/" for 127.0.0.1 at 2021-10-25 18:12:21 +1000
Processing by PagesController#home as HTML
  Rendering pages/home.html.erb within layouts/application
  Rendered pages/home.html.erb within layouts/application (0.6ms)
Completed 200 OK in 26ms (Views: 24.0ms | ActiveRecord: 0.0ms)


Started GET "/login" for 127.0.0.1 at 2021-10-25 18:12:22 +1000
  
ActionController::RoutingError (uninitialized constant SessionController):
  
activesupport (5.2.6) lib/active_support/inflector/methods.rb:283:in `const_get'
activesupport (5.2.6) lib/active_support/inflector/methods.rb:283:in `block in constantize'
activesupport (5.2.6) lib/active_support/inflector/methods.rb:281:in `each'
activesupport (5.2.6) lib/active_support/inflector/methods.rb:281:in `inject'
activesupport (5.2.6) lib/active_support/inflector/methods.rb:281:in `constantize'
actionpack (5.2.6) lib/action_dispatch/http/request.rb:88:in `controller_class_for'
actionpack (5.2.6) lib/action_dispatch/http/request.rb:81:in `controller_class'
actionpack (5.2.6) lib/action_dispatch/routing/route_set.rb:46:in `controller'
actionpack (5.2.6) lib/action_dispatch/routing/route_set.rb:32:in `serve'
actionpack (5.2.6) lib/action_dispatch/journey/router.rb:52:in `block in serve'
actionpack (5.2.6) lib/action_dispatch/journey/router.rb:35:in `each'
actionpack (5.2.6) lib/action_dispatch/journey/router.rb:35:in `serve'
actionpack (5.2.6) lib/action_dispatch/routing/route_set.rb:840:in `call'
rack (2.2.3) lib/rack/tempfile_reaper.rb:15:in `call'
rack (2.2.3) lib/rack/etag.rb:27:in `call'
rack (2.2.3) lib/rack/conditional_get.rb:27:in `call'
rack (2.2.3) lib/rack/head.rb:12:in `call'
actionpack (5.2.6) lib/action_dispatch/http/content_security_policy.rb:18:in `call'
rack (2.2.3) lib/rack/session/abstract/id.rb:266:in `context'
rack (2.2.3) lib/rack/session/abstract/id.rb:260:in `call'
actionpack (5.2.6) lib/action_dispatch/middleware/cookies.rb:670:in `call'
activerecord (5.2.6) lib/active_record/migration.rb:559:in `call'
actionpack (5.2.6) lib/action_dispatch/middleware/callbacks.rb:28:in `block in call'
activesupport (5.2.6) lib/active_support/callbacks.rb:98:in `run_callbacks'
actionpack (5.2.6) lib/action_dispatch/middleware/callbacks.rb:26:in `call'
actionpack (5.2.6) lib/action_dispatch/middleware/executor.rb:14:in `call'
actionpack (5.2.6) lib/action_dispatch/middleware/debug_exceptions.rb:61:in `call'
web-console (3.7.0) lib/web_console/middleware.rb:135:in `call_app'
web-console (3.7.0) lib/web_console/middleware.rb:30:in `block in call'
web-console (3.7.0) lib/web_console/middleware.rb:20:in `catch'
web-console (3.7.0) lib/web_console/middleware.rb:20:in `call'
actionpack (5.2.6) lib/action_dispatch/middleware/show_exceptions.rb:33:in `call'
railties (5.2.6) lib/rails/rack/logger.rb:38:in `call_app'
railties (5.2.6) lib/rails/rack/logger.rb:26:in `block in call'
activesupport (5.2.6) lib/active_support/tagged_logging.rb:71:in `block in tagged'
activesupport (5.2.6) lib/active_support/tagged_logging.rb:28:in `tagged'
activesupport (5.2.6) lib/active_support/tagged_logging.rb:71:in `tagged'
railties (5.2.6) lib/rails/rack/logger.rb:26:in `call'
sprockets-rails (3.2.2) lib/sprockets/rails/quiet_assets.rb:13:in `call'
actionpack (5.2.6) lib/action_dispatch/middleware/remote_ip.rb:81:in `call'
actionpack (5.2.6) lib/action_dispatch/middleware/request_id.rb:27:in `call'
rack (2.2.3) lib/rack/method_override.rb:24:in `call'
rack (2.2.3) lib/rack/runtime.rb:22:in `call'
activesupport (5.2.6) lib/active_support/cache/strategy/local_cache_middleware.rb:29:in `call'
actionpack (5.2.6) lib/action_dispatch/middleware/executor.rb:14:in `call'
actionpack (5.2.6) lib/action_dispatch/middleware/static.rb:127:in `call'
rack (2.2.3) lib/rack/sendfile.rb:110:in `call'
railties (5.2.6) lib/rails/engine.rb:524:in `call'
puma (3.12.6) lib/puma/configuration.rb:227:in `call'
puma (3.12.6) lib/puma/server.rb:706:in `handle_request'
puma (3.12.6) lib/puma/server.rb:476:in `process_client'
puma (3.12.6) lib/puma/server.rb:334:in `block in run'
puma (3.12.6) lib/puma/thread_pool.rb:135:in `block in spawn_thread'
Started GET "/" for 127.0.0.1 at 2021-10-25 18:12:24 +1000
Processing by PagesController#home as HTML
  Rendering pages/home.html.erb within layouts/application
  Rendered pages/home.html.erb within layouts/application (0.9ms)
Completed 200 OK in 15ms (Views: 13.1ms | ActiveRecord: 0.0ms)


Started GET "/" for 127.0.0.1 at 2021-10-25 18:21:52 +1000
Processing by PagesController#home as HTML
  Rendering pages/home.html.erb within layouts/application
  Rendered pages/home.html.erb within layouts/application (0.8ms)
Completed 200 OK in 17ms (Views: 15.4ms | ActiveRecord: 0.0ms)


Started GET "/" for 127.0.0.1 at 2021-10-25 18:31:34 +1000
Processing by PagesController#home as HTML
  Rendering pages/home.html.erb within layouts/application
  Rendered pages/home.html.erb within layouts/application (0.3ms)
Completed 200 OK in 9ms (Views: 7.7ms | ActiveRecord: 0.0ms)


Started GET "/users/new" for 127.0.0.1 at 2021-10-25 18:31:36 +1000
Processing by UsersController#new as HTML
Completed 500 Internal Server Error in 1ms (ActiveRecord: 0.0ms)


  
NameError (uninitialized constant UsersController::User):
  
app/controllers/users_controller.rb:9:in `new'
Started GET "/" for 127.0.0.1 at 2021-10-25 18:31:40 +1000
Processing by PagesController#home as HTML
  Rendering pages/home.html.erb within layouts/application
  Rendered pages/home.html.erb within layouts/application (0.5ms)
Completed 200 OK in 13ms (Views: 11.7ms | ActiveRecord: 0.0ms)


Started GET "/login" for 127.0.0.1 at 2021-10-25 18:31:40 +1000
  
ActionController::RoutingError (uninitialized constant SessionController):
  
activesupport (5.2.6) lib/active_support/inflector/methods.rb:283:in `const_get'
activesupport (5.2.6) lib/active_support/inflector/methods.rb:283:in `block in constantize'
activesupport (5.2.6) lib/active_support/inflector/methods.rb:281:in `each'
activesupport (5.2.6) lib/active_support/inflector/methods.rb:281:in `inject'
activesupport (5.2.6) lib/active_support/inflector/methods.rb:281:in `constantize'
actionpack (5.2.6) lib/action_dispatch/http/request.rb:88:in `controller_class_for'
actionpack (5.2.6) lib/action_dispatch/http/request.rb:81:in `controller_class'
actionpack (5.2.6) lib/action_dispatch/routing/route_set.rb:46:in `controller'
actionpack (5.2.6) lib/action_dispatch/routing/route_set.rb:32:in `serve'
actionpack (5.2.6) lib/action_dispatch/journey/router.rb:52:in `block in serve'
actionpack (5.2.6) lib/action_dispatch/journey/router.rb:35:in `each'
actionpack (5.2.6) lib/action_dispatch/journey/router.rb:35:in `serve'
actionpack (5.2.6) lib/action_dispatch/routing/route_set.rb:840:in `call'
rack (2.2.3) lib/rack/tempfile_reaper.rb:15:in `call'
rack (2.2.3) lib/rack/etag.rb:27:in `call'
rack (2.2.3) lib/rack/conditional_get.rb:27:in `call'
rack (2.2.3) lib/rack/head.rb:12:in `call'
actionpack (5.2.6) lib/action_dispatch/http/content_security_policy.rb:18:in `call'
rack (2.2.3) lib/rack/session/abstract/id.rb:266:in `context'
rack (2.2.3) lib/rack/session/abstract/id.rb:260:in `call'
actionpack (5.2.6) lib/action_dispatch/middleware/cookies.rb:670:in `call'
activerecord (5.2.6) lib/active_record/migration.rb:559:in `call'
actionpack (5.2.6) lib/action_dispatch/middleware/callbacks.rb:28:in `block in call'
activesupport (5.2.6) lib/active_support/callbacks.rb:98:in `run_callbacks'
actionpack (5.2.6) lib/action_dispatch/middleware/callbacks.rb:26:in `call'
actionpack (5.2.6) lib/action_dispatch/middleware/executor.rb:14:in `call'
actionpack (5.2.6) lib/action_dispatch/middleware/debug_exceptions.rb:61:in `call'
web-console (3.7.0) lib/web_console/middleware.rb:135:in `call_app'
web-console (3.7.0) lib/web_console/middleware.rb:30:in `block in call'
web-console (3.7.0) lib/web_console/middleware.rb:20:in `catch'
web-console (3.7.0) lib/web_console/middleware.rb:20:in `call'
actionpack (5.2.6) lib/action_dispatch/middleware/show_exceptions.rb:33:in `call'
railties (5.2.6) lib/rails/rack/logger.rb:38:in `call_app'
railties (5.2.6) lib/rails/rack/logger.rb:26:in `block in call'
activesupport (5.2.6) lib/active_support/tagged_logging.rb:71:in `block in tagged'
activesupport (5.2.6) lib/active_support/tagged_logging.rb:28:in `tagged'
activesupport (5.2.6) lib/active_support/tagged_logging.rb:71:in `tagged'
railties (5.2.6) lib/rails/rack/logger.rb:26:in `call'
sprockets-rails (3.2.2) lib/sprockets/rails/quiet_assets.rb:13:in `call'
actionpack (5.2.6) lib/action_dispatch/middleware/remote_ip.rb:81:in `call'
actionpack (5.2.6) lib/action_dispatch/middleware/request_id.rb:27:in `call'
rack (2.2.3) lib/rack/method_override.rb:24:in `call'
rack (2.2.3) lib/rack/runtime.rb:22:in `call'
activesupport (5.2.6) lib/active_support/cache/strategy/local_cache_middleware.rb:29:in `call'
actionpack (5.2.6) lib/action_dispatch/middleware/executor.rb:14:in `call'
actionpack (5.2.6) lib/action_dispatch/middleware/static.rb:127:in `call'
rack (2.2.3) lib/rack/sendfile.rb:110:in `call'
railties (5.2.6) lib/rails/engine.rb:524:in `call'
puma (3.12.6) lib/puma/configuration.rb:227:in `call'
puma (3.12.6) lib/puma/server.rb:706:in `handle_request'
puma (3.12.6) lib/puma/server.rb:476:in `process_client'
puma (3.12.6) lib/puma/server.rb:334:in `block in run'
puma (3.12.6) lib/puma/thread_pool.rb:135:in `block in spawn_thread'
Started GET "/" for 127.0.0.1 at 2021-10-25 18:31:44 +1000
Processing by PagesController#home as HTML
  Rendering pages/home.html.erb within layouts/application
  Rendered pages/home.html.erb within layouts/application (0.4ms)
Completed 200 OK in 17ms (Views: 15.5ms | ActiveRecord: 0.0ms)


Started GET "/" for 127.0.0.1 at 2021-10-26 14:18:23 +1000
Processing by PagesController#home as HTML
  Rendering pages/home.html.erb within layouts/application
  Rendered pages/home.html.erb within layouts/application (0.8ms)
Completed 500 Internal Server Error in 28ms (ActiveRecord: 0.0ms)


  
ActionView::Template::Error (File to import not found or unreadable: bootstrap.
Load paths:
  /Users/natalia.bask/Projects/Project1/Project1/app/assets/config
  /Users/natalia.bask/Projects/Project1/Project1/app/assets/images
  /Users/natalia.bask/Projects/Project1/Project1/app/assets/javascripts
  /Users/natalia.bask/Projects/Project1/Project1/app/assets/stylesheets
  /Users/natalia.bask/.rvm/gems/ruby-2.7.4/gems/coffee-rails-4.2.2/lib/assets/javascripts
  /Users/natalia.bask/.rvm/gems/ruby-2.7.4/gems/actionview-5.2.6/lib/assets/compiled
  /Users/natalia.bask/.rvm/gems/ruby-2.7.4/gems/turbolinks-source-5.2.0/lib/assets/javascripts
  /Users/natalia.bask/Projects/Project1/Project1/node_modules):
     5:     <%= csrf_meta_tags %>
     6:     <%= csp_meta_tag %>
     7: 
     8:     <%= stylesheet_link_tag    'application', media: 'all', 'data-turbolinks-track': 'reload' %>
     9:     <%= javascript_include_tag 'application', 'data-turbolinks-track': 'reload' %>
    10:   </head>
    11: 
  
app/assets/stylesheets/_bootstrap-includes.scss:1
app/views/layouts/application.html.erb:8:in `_app_views_layouts_application_html_erb___215637025457553420_19720'
Started GET "/" for 127.0.0.1 at 2021-10-26 14:18:29 +1000
Processing by PagesController#home as HTML
  Rendering pages/home.html.erb within layouts/application
  Rendered pages/home.html.erb within layouts/application (1.2ms)
Completed 500 Internal Server Error in 22ms (ActiveRecord: 0.0ms)


  
ActionView::Template::Error (File to import not found or unreadable: bootstrap.
Load paths:
  /Users/natalia.bask/Projects/Project1/Project1/app/assets/config
  /Users/natalia.bask/Projects/Project1/Project1/app/assets/images
  /Users/natalia.bask/Projects/Project1/Project1/app/assets/javascripts
  /Users/natalia.bask/Projects/Project1/Project1/app/assets/stylesheets
  /Users/natalia.bask/.rvm/gems/ruby-2.7.4/gems/coffee-rails-4.2.2/lib/assets/javascripts
  /Users/natalia.bask/.rvm/gems/ruby-2.7.4/gems/actionview-5.2.6/lib/assets/compiled
  /Users/natalia.bask/.rvm/gems/ruby-2.7.4/gems/turbolinks-source-5.2.0/lib/assets/javascripts
  /Users/natalia.bask/Projects/Project1/Project1/node_modules):
     5:     <%= csrf_meta_tags %>
     6:     <%= csp_meta_tag %>
     7: 
     8:     <%= stylesheet_link_tag    'application', media: 'all', 'data-turbolinks-track': 'reload' %>
     9:     <%= javascript_include_tag 'application', 'data-turbolinks-track': 'reload' %>
    10:   </head>
    11: 
  
app/assets/stylesheets/_bootstrap-includes.scss:1
app/views/layouts/application.html.erb:8:in `_app_views_layouts_application_html_erb___215637025457553420_20260'
Started GET "/" for 127.0.0.1 at 2021-10-26 14:19:09 +1000
Processing by PagesController#home as HTML
  Rendering pages/home.html.erb within layouts/application
  Rendered pages/home.html.erb within layouts/application (0.8ms)
Completed 500 Internal Server Error in 32ms (ActiveRecord: 0.0ms)


  
ActionView::Template::Error (File to import not found or unreadable: bootstrap.
Load paths:
  /Users/natalia.bask/Projects/Project1/Project1/app/assets/config
  /Users/natalia.bask/Projects/Project1/Project1/app/assets/images
  /Users/natalia.bask/Projects/Project1/Project1/app/assets/javascripts
  /Users/natalia.bask/Projects/Project1/Project1/app/assets/stylesheets
  /Users/natalia.bask/.rvm/gems/ruby-2.7.4/gems/coffee-rails-4.2.2/lib/assets/javascripts
  /Users/natalia.bask/.rvm/gems/ruby-2.7.4/gems/actionview-5.2.6/lib/assets/compiled
  /Users/natalia.bask/.rvm/gems/ruby-2.7.4/gems/turbolinks-source-5.2.0/lib/assets/javascripts
  /Users/natalia.bask/Projects/Project1/Project1/node_modules):
     5:     <%= csrf_meta_tags %>
     6:     <%= csp_meta_tag %>
     7: 
     8:     <%= stylesheet_link_tag    'application', media: 'all', 'data-turbolinks-track': 'reload' %>
     9:     <%= javascript_include_tag 'application', 'data-turbolinks-track': 'reload' %>
    10:   </head>
    11: 
  
app/assets/stylesheets/_bootstrap-includes.scss:1
app/views/layouts/application.html.erb:8:in `_app_views_layouts_application_html_erb___215637025457553420_20800'
